0 info it worked if it ends with ok
1 verbose cli [ 'node',
1 verbose cli   '/home/cad/.linuxbrew/bin/npm',
1 verbose cli   'build',
1 verbose cli   '-t',
1 verbose cli   'myNode',
1 verbose cli   '.' ]
2 info using npm@2.10.1
3 info using node@v0.12.4
4 verbose node symlink /home/cad/.linuxbrew/bin/node
5 info build /home/cad/Documents/pearson/code/node-microservice/models/myNode
6 verbose stack Error: ENOENT, open '/home/cad/Documents/pearson/code/node-microservice/models/myNode/package.json'
6 verbose stack     at Error (native)
7 verbose cwd /home/cad/Documents/pearson/code/node-microservice/models
8 error Linux 3.19.0-22-generic
9 error argv "node" "/home/cad/.linuxbrew/bin/npm" "build" "-t" "myNode" "."
10 error node v0.12.4
11 error npm  v2.10.1
12 error path /home/cad/Documents/pearson/code/node-microservice/models/myNode/package.json
13 error code ENOENT
14 error errno -2
15 error enoent ENOENT, open '/home/cad/Documents/pearson/code/node-microservice/models/myNode/package.json'
15 error enoent This is most likely not a problem with npm itself
15 error enoent and is related to npm not being able to find a file.
16 verbose exit [ -2, true ]
